[2025-02-04T11:47:59.253Z] GET / from ::1
[2025-02-04T11:47:59.293Z] GET /style.css from ::1
[2025-02-04T11:47:59.297Z] GET /lib.js from ::1
[2025-02-04T11:47:59.298Z] GET /app.js from ::1
[2025-02-04T11:47:59.377Z] GET /routes/home.html from ::1
[2025-02-04T11:47:59.431Z] GET /favicon.ico from ::1
[2025-02-04T11:47:59.471Z] GET /data/chapters.json from ::1
[2025-02-04T11:48:03.316Z] GET /data/classMenu.json from ::1
[2025-02-04T11:48:03.317Z] GET /src/placeholder.jpg from ::1
[2025-02-04T11:48:03.320Z] GET /src/introduction.jpg from ::1
[2025-02-04T11:48:03.325Z] GET /src/firststeps.jpg from ::1
[2025-02-04T11:48:03.332Z] GET /src/keyboard.jpg from ::1
[2025-02-04T11:48:03.333Z] GET /src/login.jpg from ::1
[2025-02-04T11:48:03.335Z] GET /src/hardware.jpg from ::1
[2025-02-04T11:48:03.335Z] GET /src/history.jpg from ::1
[2025-02-04T11:48:03.355Z] GET /src/interfaces.jpg from ::1
[2025-02-04T11:48:03.364Z] GET /src/bitsnbytes.jpg from ::1
[2025-02-04T11:48:03.365Z] GET /src/windows.png from ::1
[2025-02-04T11:48:03.366Z] GET /src/browsers.jpeg from ::1
[2025-02-04T11:48:03.373Z] GET /src/searchengine.jpg from ::1
[2025-02-04T11:48:03.380Z] GET /src/internet.jpg from ::1
[2025-02-04T11:48:03.385Z] GET /src/email.jpg from ::1
[2025-02-04T11:48:03.391Z] GET /src/blockly.jpg from ::1
[2025-02-04T11:48:03.395Z] GET /src/project.jpg from ::1
[2025-02-04T11:48:14.549Z] GET /routes/chapter.html from ::1
[2025-02-04T11:48:14.551Z] GET /favicon.ico from ::1
[2025-02-04T11:48:31.541Z] GET /assets/pdfs/digiintro.pdf from ::1
[2025-02-04T11:48:31.639Z] GET /favicon.ico from ::1
[2025-02-04T11:48:56.735Z] GET /routes/home.html from ::1
[2025-02-04T11:48:56.739Z] GET /favicon.ico from ::1
[2025-02-04T11:48:56.762Z] GET /src/firststeps.jpg from ::1
[2025-02-04T11:48:56.765Z] GET /src/keyboard.jpg from ::1
[2025-02-04T11:48:56.768Z] GET /src/login.jpg from ::1
[2025-02-04T11:48:56.769Z] GET /src/history.jpg from ::1
[2025-02-04T11:48:56.770Z] GET /src/hardware.jpg from ::1
[2025-02-04T11:48:56.774Z] GET /src/interfaces.jpg from ::1
[2025-02-04T11:48:56.796Z] GET /src/bitsnbytes.jpg from ::1
[2025-02-04T11:48:56.800Z] GET /src/windows.png from ::1
[2025-02-04T11:48:56.804Z] GET /src/browsers.jpeg from ::1
[2025-02-04T11:48:56.812Z] GET /src/searchengine.jpg from ::1
[2025-02-04T11:48:56.813Z] GET /src/internet.jpg from ::1
[2025-02-04T11:48:56.815Z] GET /src/email.jpg from ::1
[2025-02-04T11:48:56.828Z] GET /src/blockly.jpg from ::1
[2025-02-04T11:48:56.829Z] GET /src/project.jpg from ::1
[2025-02-04T11:50:54.902Z] GET /home.html from ::1
[2025-02-04T11:50:59.872Z] GET /chapter.html from ::1
[2025-02-04T11:51:01.152Z] GET /home.html from ::1
[2025-02-04T11:51:18.136Z] GET /chapter.html from ::1
[2025-02-04T11:51:23.409Z] GET /home.html from ::1
[2025-02-04T11:51:24.512Z] GET /chapter.html from ::1
[2025-02-04T11:51:26.139Z] GET /home.html from ::1
[2025-02-04T11:51:26.756Z] GET /chapter.html from ::1
[2025-02-04T11:51:27.838Z] GET /home.html from ::1
[2025-02-04T11:51:29.067Z] GET /chapter.html from ::1
[2025-02-04T11:54:26.048Z] GET /api/chapters/?schoolId=oedi&className=1A from ::1
[2025-02-04T11:55:38.743Z] GET /api/user/ from ::1
[2025-02-04T11:55:38.790Z] GET /api/chapters/ from ::1
[2025-02-04T11:57:07.519Z] GET /api/user/ from ::1
[2025-02-04T11:57:07.543Z] GET /api/chapters/ from ::1
[2025-02-05T09:00:56.931Z] GET /api/user/ from ::1
[2025-02-05T09:00:56.950Z] GET /api/chapters/ from ::1
[2025-02-05T09:01:17.220Z] GET /api/user/ from ::1
[2025-02-05T09:01:17.238Z] GET /api/chapters/ from ::1
[2025-02-05T09:01:25.637Z] GET /api/user/ from ::1
[2025-02-05T09:01:25.705Z] GET /api/chapters/ from ::1
[2025-02-05T09:11:26.756Z] GET /api/user/ from ::1
[2025-02-05T09:11:26.776Z] GET /api/chapters/ from ::1
[2025-02-05T09:11:47.233Z] GET /api/user/ from ::1
[2025-02-05T09:11:47.248Z] GET /api/chapters/ from ::1
[2025-02-05T09:13:27.053Z] GET /api/user/ from ::1
[2025-02-05T09:13:27.084Z] GET /api/chapters/ from ::1
[2025-02-05T09:17:52.434Z] GET /api/user/ from ::1
[2025-02-05T09:17:52.477Z] GET /api/chapters/ from ::1
[2025-02-05T09:18:14.367Z] GET /api/user/ from ::1
[2025-02-05T09:18:14.423Z] GET /api/chapters/ from ::1
[2025-02-05T09:20:54.900Z] GET /api/user/ from ::1
[2025-02-05T09:20:54.965Z] GET /api/chapters/ from ::1
[2025-02-05T09:21:45.034Z] GET /api/user/ from ::1
[2025-02-05T09:21:45.060Z] GET /api/chapters/ from ::1
[2025-02-05T09:24:19.226Z] GET /api/user/ from ::1
[2025-02-05T09:24:19.258Z] GET /api/chapters/ from ::1
[2025-02-05T09:27:15.196Z] GET /api/user/ from ::1
[2025-02-05T09:27:15.424Z] GET /api/chapters/ from ::1
[2025-02-05T09:28:53.288Z] GET /api/user/ from ::1
[2025-02-05T09:28:53.355Z] GET /api/chapters/ from ::1
[2025-02-05T09:29:10.549Z] GET /api/user/ from ::1
[2025-02-05T09:29:10.635Z] GET /api/chapters/ from ::1
[2025-02-05T09:29:28.234Z] GET /api/user/ from ::1
[2025-02-05T09:29:28.257Z] GET /api/chapters/ from ::1
[2025-02-05T09:30:32.469Z] GET /api/user/ from ::1
[2025-02-05T09:30:32.492Z] GET /api/chapters/ from ::1
[2025-02-05T09:35:52.131Z] GET /api/user/ from ::1
[2025-02-05T09:35:52.162Z] GET /api/chapters/ from ::1
[2025-02-05T09:36:01.259Z] GET /api/user/ from ::1
[2025-02-05T09:36:01.309Z] GET /api/chapters/ from ::1
[2025-02-05T10:32:24.357Z] GET /api/user/ from ::1
[2025-02-05T10:32:30.419Z] GET /api/chapters/ from ::1
[2025-02-05T10:38:59.913Z] POST /api/quiz/ from ::1
[2025-02-05T10:40:17.979Z] POST /api/quiz/ from ::1
[2025-02-05T10:41:40.519Z] POST /api/quiz/ from ::1
[2025-02-05T10:43:37.244Z] GET /api/user/ from ::1
[2025-02-05T10:43:39.628Z] GET /api/chapters/ from ::1
[2025-02-05T10:44:51.190Z] GET /api/user/ from ::1
[2025-02-05T10:47:10.047Z] GET /api/user/ from ::1
[2025-02-05T10:48:07.772Z] GET /api/user/ from ::1
[2025-02-05T10:50:43.324Z] GET /api/user/ from ::1
[2025-02-05T11:29:46.499Z] POST /api/login/ from ::1
[2025-02-05T11:44:10.314Z] POST /api/login/ from ::1
[2025-02-05T11:44:25.279Z] POST /api/login/ from ::1
[2025-02-05T11:45:15.527Z] POST /api/login/ from ::1
[2025-02-05T11:45:30.097Z] POST /api/login/ from ::1
[2025-02-05T11:45:33.357Z] GET /api/user/ from ::1
[2025-02-05T11:45:35.495Z] GET /api/chapters/ from ::1
[2025-02-08T10:45:25.764Z] GET /api/class/ from ::ffff:192.168.178.35
[2025-02-08T10:48:43.686Z] GET /api/class/ from ::ffff:192.168.178.35
[2025-02-08T10:51:37.887Z] GET /api/class/ from ::ffff:192.168.178.35
[2025-02-08T10:56:55.445Z] GET /api/class/ from ::ffff:192.168.178.35
[2025-02-08T10:58:51.340Z] GET /api/class/ from ::ffff:192.168.178.35
[2025-02-08T10:59:33.220Z] POST /api/feedback/ from ::ffff:192.168.178.35
[2025-02-08T11:03:26.110Z] GET /api/class/ from ::ffff:192.168.178.35
[2025-02-08T11:04:30.859Z] GET /api/class/ from ::ffff:192.168.178.35
[2025-02-08T11:04:38.709Z] POST /api/feedback/ from ::ffff:192.168.178.35
[2025-02-08T11:07:07.245Z] GET /api/class/ from ::ffff:192.168.178.35
[2025-02-08T11:07:15.501Z] POST /api/feedback/ from ::ffff:192.168.178.35
[2025-02-08T11:08:58.933Z] GET /api/class/ from ::ffff:192.168.178.35
[2025-02-08T11:10:15.350Z] POST /api/feedback/ from ::ffff:192.168.178.35
[2025-02-08T11:13:03.786Z] GET /api/class/ from ::ffff:192.168.178.35
[2025-02-08T11:13:09.734Z] POST /api/feedback/ from ::ffff:192.168.178.35
[2025-02-08T11:18:28.775Z] GET /api/class/ from ::ffff:192.168.178.35
[2025-02-08T11:18:40.469Z] POST /api/feedback/ from ::ffff:192.168.178.35
[2025-02-08T13:46:35.877Z] GET /api/class/ from ::ffff:192.168.178.35
[2025-02-08T13:46:44.453Z] POST /api/feedback/ from ::ffff:192.168.178.35
[2025-02-08T13:48:37.657Z] GET /api/class/ from ::ffff:192.168.178.35
[2025-02-08T13:48:42.640Z] POST /api/feedback/ from ::ffff:192.168.178.35
[2025-02-08T13:50:42.133Z] GET /api/class/ from ::ffff:192.168.178.35
[2025-02-08T13:50:48.395Z] POST /api/feedback/ from ::ffff:192.168.178.35
[2025-02-08T13:51:27.243Z] GET /api/class/ from ::ffff:192.168.178.35
[2025-02-08T13:51:32.937Z] POST /api/feedback/ from ::ffff:192.168.178.35
[2025-02-08T13:52:29.808Z] GET /api/class/ from ::ffff:192.168.178.35
[2025-02-08T13:52:36.741Z] POST /api/feedback/ from ::ffff:192.168.178.35
[2025-02-08T13:53:40.898Z] POST /api/feedback/ from ::ffff:192.168.178.35
[2025-02-08T13:56:02.129Z] POST /api/feedback/ from ::ffff:192.168.178.35
[2025-02-08T14:02:47.073Z] GET /api/class/ from ::ffff:192.168.178.35
[2025-02-08T14:12:07.033Z] GET /api/class/ from ::ffff:192.168.178.35
[2025-02-08T14:12:18.342Z] POST /api/feedback/ from ::ffff:192.168.178.35
[2025-02-08T14:12:29.515Z] POST /api/feedback/ from ::ffff:192.168.178.35
[2025-02-08T14:12:47.192Z] POST /api/feedback/ from ::ffff:192.168.178.35
[2025-02-08T14:12:59.789Z] POST /api/feedback/ from ::ffff:192.168.178.35
[2025-02-08T14:13:26.769Z] POST /api/feedback/ from ::ffff:192.168.178.35
[2025-02-08T14:13:42.768Z] POST /api/feedback/ from ::ffff:192.168.178.35
[2025-02-08T14:13:57.145Z] POST /api/feedback/ from ::ffff:192.168.178.35
[2025-02-08T14:14:04.823Z] POST /api/feedback/ from ::ffff:192.168.178.35
[2025-02-08T14:14:09.977Z] POST /api/feedback/ from ::ffff:192.168.178.35
[2025-02-08T14:14:32.797Z] POST /api/feedback/ from ::ffff:192.168.178.35
[2025-02-08T14:21:40.809Z] GET /api/class/ from ::ffff:192.168.178.35
[2025-02-08T14:25:30.823Z] GET /api/class/ from ::ffff:192.168.178.35
[2025-02-08T14:36:07.937Z] GET /api/class/ from ::ffff:192.168.178.35
[2025-02-08T14:38:13.984Z] GET /api/class/ from ::ffff:192.168.178.35
[2025-02-08T14:40:46.593Z] GET /api/class/ from ::ffff:192.168.178.35
[2025-02-08T14:43:07.371Z] GET /api/class/ from ::ffff:192.168.178.35
[2025-02-08T14:43:52.868Z] GET /api/class/ from ::ffff:192.168.178.35
[2025-02-08T14:44:27.239Z] GET /api/class/ from ::ffff:192.168.178.35
[2025-02-08T14:44:56.726Z] GET /api/class/ from ::ffff:192.168.178.35
[2025-02-08T14:49:15.028Z] GET /api/class/ from ::ffff:192.168.178.35
[2025-02-08T14:49:44.259Z] GET /api/class/ from ::ffff:192.168.178.35
[2025-02-08T14:50:08.611Z] POST /api/feedback/ from ::ffff:192.168.178.35
[2025-02-08T14:50:15.649Z] POST /api/feedback/ from ::ffff:192.168.178.35
[2025-02-08T14:50:33.564Z] POST /api/feedback/ from ::ffff:192.168.178.35
[2025-02-08T14:50:34.429Z] POST /api/feedback/ from ::ffff:192.168.178.35
[2025-02-08T14:50:35.493Z] POST /api/feedback/ from ::ffff:192.168.178.35
[2025-02-08T14:51:05.525Z] GET /api/class/ from ::ffff:192.168.178.35
[2025-02-08T14:51:08.493Z] POST /api/feedback/ from ::ffff:192.168.178.35
[2025-02-08T14:51:09.002Z] POST /api/feedback/ from ::ffff:192.168.178.35
[2025-02-08T14:51:09.548Z] POST /api/feedback/ from ::ffff:192.168.178.35
[2025-02-08T14:51:09.992Z] POST /api/feedback/ from ::ffff:192.168.178.35
[2025-02-08T14:51:10.389Z] POST /api/feedback/ from ::ffff:192.168.178.35
[2025-02-08T14:51:16.763Z] GET /api/class/ from ::ffff:192.168.178.35
[2025-02-09T12:22:42.805Z] POST /api/login/ from ::1
[2025-02-09T12:23:09.937Z] POST /api/login/ from ::1
[2025-02-09T12:23:13.135Z] GET /api/user/ from ::1
[2025-02-09T12:23:16.819Z] GET /api/chapters/ from ::1
[2025-02-09T12:27:10.068Z] GET /api/user/ from ::1
[2025-02-09T12:28:04.435Z] GET /api/user/ from ::1
[2025-02-09T12:31:57.747Z] GET /api/user/ from ::1
[2025-02-09T12:31:59.726Z] GET /api/chapters/ from ::1
[2025-02-09T12:32:20.279Z] GET /api/user/ from ::1
[2025-02-09T12:32:22.348Z] GET /api/chapters/ from ::1
[2025-02-09T12:33:20.567Z] GET /api/user/ from ::1
[2025-02-09T12:33:20.603Z] GET /api/chapters/ from ::1
[2025-02-09T12:33:30.793Z] GET /api/user/ from ::1
[2025-02-09T12:33:30.815Z] GET /api/chapters/ from ::1
[2025-02-09T12:33:36.876Z] GET /api/user/ from ::1
[2025-02-09T12:33:36.897Z] GET /api/chapters/ from ::1
[2025-02-09T12:33:43.569Z] GET /api/user/ from ::1
[2025-02-09T12:33:43.588Z] GET /api/chapters/ from ::1
[2025-02-09T14:34:25.043Z] GET /api/class/ from ::ffff:192.168.178.43
[2025-02-09T14:35:02.814Z] GET /api/class/ from ::ffff:192.168.178.43
[2025-02-09T14:35:19.102Z] POST /api/feedback/ from ::ffff:192.168.178.43
[2025-02-09T14:35:19.363Z] POST /api/feedback/ from ::ffff:192.168.178.43
[2025-02-09T14:35:50.272Z] POST /api/feedback/ from ::ffff:192.168.178.43
[2025-02-09T14:35:59.996Z] POST /api/feedback/ from ::ffff:192.168.178.43
[2025-02-09T14:36:08.346Z] POST /api/feedback/ from ::ffff:192.168.178.43
[2025-02-09T14:36:35.583Z] GET /api/class/ from ::ffff:192.168.178.43
[2025-02-09T14:36:41.152Z] GET /api/class/ from ::ffff:192.168.178.43
[2025-02-09T14:37:01.818Z] GET /api/class/ from ::ffff:192.168.178.43
[2025-02-09T14:37:49.741Z] GET /api/class/ from ::ffff:192.168.178.43
[2025-02-09T14:39:42.991Z] GET /api/class/ from ::ffff:192.168.178.43
[2025-02-09T14:40:30.851Z] GET /api/class/ from ::ffff:192.168.178.43
[2025-02-09T14:40:36.383Z] GET /api/class/ from ::ffff:192.168.178.43
[2025-02-09T14:40:53.291Z] POST /api/feedback/ from ::ffff:192.168.178.43
[2025-02-09T14:40:57.179Z] POST /api/feedback/ from ::ffff:192.168.178.43
[2025-02-09T14:51:23.328Z] POST /api/feedback/ from ::ffff:192.168.178.43
[2025-02-09T14:51:27.562Z] POST /api/feedback/ from ::ffff:192.168.178.43
[2025-02-09T15:04:03.760Z] GET /api/user/ from ::1
[2025-02-09T15:11:46.600Z] GET /api/user/ from ::1
[2025-02-09T15:11:46.637Z] GET /api/chapters/ from ::1
[2025-02-09T15:14:32.252Z] GET /api/user/ from ::1
[2025-02-09T15:14:32.277Z] GET /api/chapters/ from ::1
[2025-02-09T21:25:45.483Z] GET /api/class/ from ::ffff:192.168.178.43
[2025-02-09T21:25:55.636Z] GET /api/class/ from ::ffff:192.168.178.43
[2025-02-13T14:24:14.792Z] GET /api/user/ from ::1
[2025-02-13T14:24:14.823Z] GET /api/chapters/ from ::1
[2025-02-13T15:22:11.500Z] GET /api/user/ from ::1
[2025-02-13T15:22:11.516Z] GET /api/chapters/ from ::1
[2025-02-13T15:22:26.309Z] GET /api/user/ from ::1
[2025-02-13T15:22:26.327Z] GET /api/chapters/ from ::1
[2025-02-13T15:22:58.733Z] GET /api/user/ from ::1
[2025-02-13T15:22:58.753Z] GET /api/chapters/ from ::1
[2025-02-13T15:23:55.290Z] GET /api/user/ from ::1
[2025-02-13T15:23:55.312Z] GET /api/chapters/ from ::1
[2025-02-13T15:24:36.806Z] GET /api/user/ from ::1
[2025-02-13T15:25:14.276Z] GET /api/user/ from ::1
[2025-02-13T15:26:02.596Z] GET /api/user/ from ::1
[2025-02-13T15:26:05.457Z] GET /api/chapters/ from ::1
[2025-02-13T15:27:46.116Z] GET /api/user/ from ::1
[2025-02-13T15:27:47.870Z] GET /api/chapters/ from ::1
[2025-02-13T15:30:32.386Z] GET /api/user/ from ::1
[2025-02-13T15:30:34.104Z] GET /api/chapters/ from ::1
[2025-02-13T15:36:11.056Z] GET /api/user/ from ::1
[2025-02-13T15:36:13.490Z] GET /api/chapters/ from ::1
[2025-02-13T15:36:35.389Z] GET /api/user/ from ::1
[2025-02-13T15:36:36.986Z] GET /api/chapters/ from ::1
[2025-02-20T14:27:23.854Z] GET /api/user/ from ::1
[2025-02-20T14:27:26.446Z] GET /api/chapters/ from ::1
[2025-02-20T14:32:53.414Z] GET /api/user/ from ::1
[2025-02-20T14:32:55.799Z] GET /api/chapters/ from ::1
[2025-02-20T14:34:15.479Z] GET /api/user/ from ::1
[2025-02-20T14:34:18.232Z] GET /api/chapters/ from ::1
[2025-02-20T14:35:38.100Z] GET /api/user/ from ::1
[2025-02-20T14:35:39.982Z] GET /api/chapters/ from ::1
[2025-02-20T14:37:34.260Z] GET /api/user/ from ::1
[2025-02-20T14:37:36.119Z] GET /api/chapters/ from ::1
[2025-02-20T14:40:31.971Z] GET /api/user/ from ::1
[2025-02-20T14:40:34.076Z] GET /api/chapters/ from ::1
[2025-02-20T14:42:02.261Z] GET /api/user/ from ::1
[2025-02-20T14:42:04.302Z] GET /api/chapters/ from ::1
[2025-02-20T14:42:14.941Z] GET /api/user/ from ::1
[2025-02-20T14:42:16.937Z] GET /api/chapters/ from ::1
[2025-02-20T14:42:58.733Z] GET /api/user/ from ::1
[2025-02-20T14:43:01.084Z] GET /api/chapters/ from ::1
[2025-02-20T14:46:26.936Z] GET /api/user/ from ::1
[2025-02-20T14:46:31.057Z] GET /api/chapters/ from ::1
[2025-02-20T14:47:09.282Z] GET /api/user/ from ::1
[2025-02-20T14:47:11.443Z] GET /api/chapters/ from ::1
[2025-02-20T14:47:41.840Z] GET /api/user/ from ::1
[2025-02-20T14:47:43.675Z] GET /api/chapters/ from ::1
[2025-02-20T14:48:00.765Z] GET /api/user/ from ::1
[2025-02-20T14:48:02.698Z] GET /api/chapters/ from ::1
[2025-02-20T14:49:23.383Z] GET /api/user/ from ::1
[2025-02-20T14:49:25.594Z] GET /api/chapters/ from ::1
[2025-02-20T14:51:34.929Z] GET /api/user/ from ::1
[2025-02-20T14:54:25.617Z] GET /api/user/ from ::1
[2025-02-20T14:54:27.767Z] GET /api/chapters/ from ::1
[2025-02-20T14:54:41.210Z] GET /api/user/ from ::1
[2025-02-20T14:54:43.467Z] GET /api/chapters/ from ::1
[2025-02-20T14:55:05.970Z] GET /api/user/ from ::1
[2025-02-20T14:55:07.869Z] GET /api/chapters/ from ::1
[2025-02-20T14:55:46.358Z] GET /api/user/ from ::1
[2025-02-20T14:55:48.981Z] GET /api/chapters/ from ::1
[2025-02-20T14:56:04.160Z] GET /api/user/ from ::1
[2025-02-20T14:56:06.544Z] GET /api/chapters/ from ::1
[2025-02-20T14:56:22.482Z] GET /api/user/ from ::1
[2025-02-20T14:56:24.515Z] GET /api/chapters/ from ::1
[2025-02-20T14:56:31.551Z] GET /api/user/ from ::1
[2025-02-20T14:57:46.028Z] GET /api/user/ from ::1
[2025-02-20T14:57:51.716Z] GET /api/user/ from ::1
[2025-02-20T14:57:54.805Z] GET /api/chapters/ from ::1
[2025-02-20T14:59:02.025Z] GET /api/user/ from ::1
[2025-02-20T14:59:04.075Z] GET /api/chapters/ from ::1
[2025-03-04T15:14:19.935Z] GET /api/user/ from ::1
[2025-03-04T15:14:22.229Z] GET /api/chapters/ from ::1
[2025-03-04T15:14:26.828Z] GET /api/user/ from ::1
[2025-03-04T15:22:54.679Z] GET /api/user/ from ::1
[2025-03-04T15:22:57.645Z] GET /api/chapters/ from ::1
[2025-03-04T15:24:30.924Z] GET /api/user/ from ::1
[2025-03-04T15:24:33.591Z] GET /api/chapters/ from ::1
[2025-03-04T15:25:49.560Z] GET /api/user/ from ::1
[2025-03-04T15:25:52.001Z] GET /api/chapters/ from ::1
[2025-03-04T15:30:07.721Z] GET /api/user/ from ::1
[2025-03-04T15:30:10.235Z] GET /api/chapters/ from ::1
[2025-03-04T15:30:17.073Z] GET /api/user/ from ::1
[2025-03-04T15:30:46.914Z] GET /api/user/ from ::1
[2025-03-04T15:31:39.684Z] GET /api/user/ from ::1
[2025-03-04T15:31:42.106Z] GET /api/chapters/ from ::1
[2025-03-04T15:32:41.135Z] GET /api/user/ from ::1
[2025-03-04T15:32:43.734Z] GET /api/chapters/ from ::1
[2025-03-04T15:48:47.418Z] POST /api/quiz/ from ::1
[2025-03-04T16:01:45.446Z] GET /api/user/ from ::1
[2025-03-04T16:01:51.498Z] GET /api/chapters/ from ::1
[2025-03-09T17:50:12.338Z] GET /api/user/ from ::1
[2025-03-09T17:50:14.245Z] GET /api/chapters/ from ::1
[2025-03-24T13:26:35.272Z] GET /api/user/ from ::1
[2025-03-24T13:30:32.527Z] GET /api/user/ from ::1
[2025-03-24T13:30:34.811Z] GET /api/chapters/ from ::1
[2025-03-24T13:30:43.429Z] GET /api/user/ from ::1
[2025-03-24T13:30:45.443Z] GET /api/chapters/ from ::1
[2025-03-24T13:31:23.793Z] GET /api/user/ from ::1
[2025-03-24T13:31:47.066Z] GET /api/chapters/ from ::1
[2025-03-24T13:32:01.997Z] GET /api/user/ from ::1
[2025-03-24T13:32:02.071Z] GET /api/chapters/ from ::1
[2025-03-28T08:39:05.225Z] GET /api/user/ from ::1
[2025-03-28T08:39:58.474Z] GET /api/user/ from ::1
[2025-03-28T08:40:51.056Z] GET /api/user/ from ::1
[2025-03-28T08:40:51.116Z] GET /api/chapters/ from ::1
[2025-03-28T08:42:00.010Z] GET /api/user/ from ::1
[2025-03-28T08:42:02.401Z] GET /api/chapters/ from ::1
[2025-03-28T08:42:11.188Z] GET /api/user/ from ::1
[2025-03-28T08:43:31.773Z] GET /api/user/ from ::1
[2025-04-07T14:07:06.435Z] GET /api/user/ from ::1
[2025-04-07T14:07:06.477Z] GET /api/chapters/ from ::1
[2025-04-27T09:12:38.666Z] GET /api/user/ from ::1
[2025-04-27T09:12:46.896Z] GET /api/user/ from ::1
[2025-04-27T09:14:21.960Z] GET /api/user/ from ::1
[2025-04-27T09:14:21.990Z] GET /api/chapters/ from ::1
[2025-04-27T14:24:03.145Z] GET /api/user/ from ::1
[2025-04-27T14:24:03.167Z] GET /api/chapters/ from ::1
[2025-04-27T14:24:36.848Z] GET /api/user/ from ::1
[2025-04-27T14:24:36.861Z] GET /api/chapters/ from ::1
[2025-04-27T14:24:56.266Z] GET /api/user/ from ::1
[2025-04-27T14:24:56.285Z] GET /api/chapters/ from ::1
[2025-04-27T14:27:38.777Z] GET /api/user/ from ::1
[2025-04-27T14:27:38.788Z] GET /api/chapters/ from ::1
[2025-04-27T14:40:15.599Z] GET /api/user/ from ::1
[2025-04-27T14:40:15.616Z] GET /api/chapters/ from ::1
[2025-04-27T14:42:37.239Z] GET /api/user/ from ::1
[2025-04-27T14:42:37.266Z] GET /api/chapters/ from ::1
[2025-04-27T14:48:29.250Z] GET /api/user/ from ::1
[2025-04-27T14:48:29.272Z] GET /api/chapters/ from ::1
[2025-04-27T14:48:36.013Z] GET /api/user/ from ::1
[2025-04-27T14:48:36.118Z] GET /api/chapters/ from ::1
[2025-04-27T14:48:47.050Z] GET /api/user/ from ::1
[2025-04-27T14:48:47.076Z] GET /api/chapters/ from ::1
[2025-04-27T14:49:42.139Z] GET /api/user/ from ::1
[2025-04-27T14:49:42.418Z] GET /api/chapters/ from ::1
[2025-04-27T14:49:45.731Z] GET /api/user/ from ::1
[2025-04-27T14:49:45.885Z] GET /api/chapters/ from ::1
[2025-04-27T14:49:48.909Z] GET /api/user/ from ::1
[2025-04-27T14:49:49.017Z] GET /api/chapters/ from ::1
[2025-04-27T14:49:52.541Z] GET /api/user/ from ::1
[2025-04-27T14:49:52.847Z] GET /api/chapters/ from ::1
[2025-04-27T14:49:55.754Z] GET /api/user/ from ::1
[2025-04-27T14:49:55.959Z] GET /api/chapters/ from ::1
[2025-04-27T14:50:00.106Z] GET /api/user/ from ::1
[2025-04-27T14:50:00.164Z] GET /api/chapters/ from ::1
[2025-04-27T14:50:04.342Z] GET /api/user/ from ::1
[2025-04-27T14:50:04.668Z] GET /api/chapters/ from ::1
[2025-04-27T14:50:08.979Z] GET /api/user/ from ::1
[2025-04-27T14:50:09.028Z] GET /api/chapters/ from ::1
[2025-04-27T14:50:13.402Z] GET /api/user/ from ::1
[2025-04-27T14:50:13.535Z] GET /api/chapters/ from ::1
[2025-04-27T14:50:18.993Z] GET /api/user/ from ::1
[2025-04-27T14:50:19.112Z] GET /api/chapters/ from ::1
[2025-04-27T14:50:29.242Z] GET /api/user/ from ::1
[2025-04-27T14:50:29.630Z] GET /api/chapters/ from ::1
[2025-04-27T14:50:37.770Z] GET /api/user/ from ::1
[2025-04-27T14:50:37.827Z] GET /api/chapters/ from ::1
[2025-04-27T14:50:57.542Z] GET /api/user/ from ::1
[2025-04-27T14:50:57.559Z] GET /api/chapters/ from ::1
[2025-04-27T19:03:25.855Z] GET /api/user/ from ::1
[2025-04-27T19:03:25.875Z] GET /api/chapters/ from ::1
[2025-08-11T13:32:24.030Z] POST /api/login/ from ::1
[2025-08-11T13:32:27.562Z] POST /api/login/ from ::1
[2025-08-11T13:33:28.126Z] GET /api/user/ from ::1
[2025-08-11T13:34:06.429Z] GET /api/user/ from ::1
[2025-08-11T13:34:16.708Z] GET /api/user/ from ::1
[2025-08-11T13:35:33.017Z] GET /api/user/ from ::1
[2025-08-11T13:36:29.577Z] GET /api/user/ from ::1
[2025-08-11T13:36:38.505Z] GET /api/user/ from ::1
[2025-08-11T13:36:46.140Z] GET /api/chapters/ from ::1
[2025-08-11T13:51:42.663Z] GET /api/user/ from ::1
[2025-08-11T13:51:46.159Z] GET /api/chapters/ from ::1
[2025-08-11T13:51:48.841Z] GET /api/user/ from ::1
[2025-08-11T13:51:54.713Z] GET /api/chapters/ from ::1
[2025-08-11T13:53:25.570Z] GET /api/user/ from ::1
[2025-08-11T14:08:22.291Z] GET /api/user/ from ::1
[2025-08-11T14:11:34.568Z] GET /api/chapters/ from ::1
[2025-08-11T14:17:03.472Z] GET /api/user/ from ::1
[2025-08-11T14:17:09.737Z] GET /api/chapters/ from ::1
[2025-08-11T14:27:34.401Z] GET /api/user/ from ::1
[2025-08-11T14:27:44.193Z] GET /api/chapters/ from ::1
[2025-08-11T14:28:14.998Z] GET /api/user/ from ::1
[2025-08-11T14:28:20.504Z] GET /api/chapters/ from ::1
[2025-08-11T14:34:23.217Z] GET /api/user/ from ::1
[2025-08-11T14:34:30.181Z] GET /api/chapters/ from ::1
[2025-08-11T14:45:27.667Z] GET /api/user/ from ::1
[2025-08-11T14:45:36.950Z] GET /api/chapters/ from ::1
[2025-08-11T14:46:38.710Z] GET /api/user/ from ::1
[2025-08-11T14:46:43.001Z] GET /api/chapters/ from ::1
[2025-08-11T14:46:54.291Z] GET /api/user/ from ::1
[2025-08-11T14:46:59.891Z] GET /api/chapters/ from ::1
[2025-08-11T14:50:37.646Z] GET /api/user/ from ::1
[2025-08-11T14:50:43.970Z] GET /api/chapters/ from ::1
[2025-08-11T14:54:36.707Z] GET /api/user/ from ::1
[2025-08-11T14:54:41.797Z] GET /api/chapters/ from ::1
[2025-08-11T14:58:41.699Z] GET /api/user/ from ::1
[2025-08-11T14:58:45.043Z] GET /api/chapters/ from ::1
[2025-08-11T14:59:49.634Z] GET /api/user/ from ::1
[2025-08-11T14:59:52.780Z] GET /api/chapters/ from ::1
[2025-08-11T15:02:14.051Z] GET /api/user/ from ::1
[2025-08-11T15:02:17.795Z] GET /api/chapters/ from ::1
[2025-08-11T15:02:59.347Z] GET /api/user/ from ::1
[2025-08-11T15:03:04.122Z] GET /api/chapters/ from ::1
[2025-08-11T15:05:18.851Z] GET /api/user/ from ::1
[2025-08-11T15:06:49.171Z] GET /api/user/ from ::1
[2025-08-11T15:08:10.445Z] GET /api/user/ from ::1
[2025-08-11T15:14:29.337Z] GET /api/user/ from ::1
[2025-08-11T15:14:32.657Z] GET /api/chapters/ from ::1
[2025-08-11T15:22:37.381Z] GET /api/user/ from ::1
[2025-08-11T15:22:46.831Z] GET /api/chapters/ from ::1
[2025-08-11T15:23:05.486Z] GET /api/user/ from ::1
[2025-08-11T15:27:59.695Z] GET /api/user/ from ::1
[2025-08-11T15:28:25.183Z] GET /api/chapters/ from ::1
[2025-08-11T15:29:03.476Z] GET /api/user/ from ::1
[2025-08-11T15:29:07.788Z] GET /api/chapters/ from ::1
[2025-08-11T15:29:52.318Z] GET /api/user/ from ::1
[2025-08-11T15:29:58.473Z] GET /api/chapters/ from ::1
[2025-08-11T15:30:44.665Z] GET /api/user/ from ::1
[2025-08-11T15:30:47.749Z] GET /api/chapters/ from ::1
[2025-08-11T15:33:01.001Z] GET /api/user/ from ::1
[2025-08-11T15:33:10.814Z] GET /api/chapters/ from ::1
[2025-08-11T15:34:55.448Z] GET /api/user/ from ::1
[2025-08-11T15:34:59.309Z] GET /api/chapters/ from ::1
[2025-08-11T15:36:09.974Z] GET /api/user/ from ::1
[2025-08-11T15:36:19.790Z] GET /api/chapters/ from ::1
[2025-08-11T15:49:09.138Z] GET /api/user/ from ::1
[2025-08-11T15:49:16.359Z] GET /api/chapters/ from ::1
[2025-08-11T15:50:01.456Z] GET /api/user/ from ::1
[2025-08-11T15:50:17.226Z] GET /api/chapters/ from ::1
[2025-08-11T15:53:12.459Z] GET /api/user/ from ::1
[2025-08-11T15:53:22.022Z] GET /api/chapters/ from ::1
[2025-08-11T15:58:57.072Z] GET /api/user/ from ::1
[2025-08-11T15:59:02.355Z] GET /api/chapters/ from ::1
[2025-08-11T16:04:11.434Z] GET /api/user/ from ::1
[2025-08-11T16:04:17.675Z] GET /api/chapters/ from ::1
[2025-08-11T16:05:57.904Z] GET /api/user/ from ::1
[2025-08-11T16:06:11.817Z] GET /api/chapters/ from ::1
[2025-08-11T16:08:22.204Z] GET /api/user/ from ::1
[2025-08-11T16:08:28.501Z] GET /api/chapters/ from ::1
[2025-08-11T16:11:01.519Z] GET /api/user/ from ::1
[2025-08-11T16:11:46.753Z] GET /api/chapters/ from ::1
[2025-08-11T16:13:21.932Z] GET /api/user/ from ::1
[2025-08-11T16:13:27.616Z] GET /api/chapters/ from ::1
[2025-08-11T16:14:20.042Z] GET /api/user/ from ::1
[2025-08-11T16:14:43.449Z] GET /api/user/ from ::1
[2025-08-11T16:14:46.767Z] GET /api/chapters/ from ::1
[2025-08-11T16:16:31.062Z] GET /api/user/ from ::1
[2025-08-11T16:16:36.788Z] GET /api/chapters/ from ::1
[2025-08-11T16:21:04.533Z] GET /api/user/ from ::1
[2025-08-11T16:21:08.640Z] GET /api/chapters/ from ::1
[2025-08-11T16:22:23.736Z] GET /api/user/ from ::1
[2025-08-11T16:22:29.175Z] GET /api/chapters/ from ::1
[2025-08-11T16:25:18.856Z] GET /api/user/ from ::1
[2025-08-11T16:25:22.473Z] GET /api/chapters/ from ::1
[2025-08-11T16:27:58.304Z] GET /api/user/ from ::1
[2025-08-11T16:28:03.470Z] GET /api/chapters/ from ::1
[2025-08-11T16:30:26.173Z] GET /api/user/ from ::1
[2025-08-11T16:30:30.382Z] GET /api/chapters/ from ::1
[2025-08-11T16:32:38.968Z] GET /api/user/ from ::1
[2025-08-11T16:32:42.102Z] GET /api/chapters/ from ::1
[2025-08-11T16:34:30.546Z] GET /api/user/ from ::1
[2025-08-11T16:34:33.417Z] GET /api/chapters/ from ::1
[2025-08-11T16:44:36.958Z] GET /api/user/ from ::1
[2025-08-11T16:44:40.757Z] GET /api/chapters/ from ::1
[2025-08-12T07:30:07.082Z] GET /api/user/ from ::1
[2025-08-12T07:30:14.040Z] GET /api/chapters/ from ::1
[2025-08-12T07:51:05.953Z] GET /api/user/ from ::1
[2025-08-12T07:51:12.972Z] GET /api/chapters/ from ::1
[2025-08-12T08:04:15.907Z] GET /api/user/ from ::1
[2025-08-12T08:04:23.652Z] GET /api/chapters/ from ::1
[2025-08-12T08:10:53.998Z] GET /api/user/ from ::1
[2025-08-12T08:10:58.469Z] GET /api/chapters/ from ::1
[2025-08-12T08:11:47.833Z] GET /api/user/ from ::1
[2025-08-12T08:11:54.506Z] GET /api/chapters/ from ::1
[2025-08-12T08:16:23.398Z] GET /api/user/ from ::1
[2025-08-12T08:16:30.282Z] GET /api/chapters/ from ::1
[2025-08-12T08:23:30.191Z] GET /api/user/ from ::1
[2025-08-12T08:23:37.794Z] GET /api/chapters/ from ::1
[2025-08-12T08:24:41.111Z] GET /api/user/ from ::1
[2025-08-12T08:24:47.703Z] GET /api/chapters/ from ::1
[2025-08-12T08:35:11.572Z] POST /api/quiz/ from ::1
[2025-08-12T08:44:12.128Z] GET /api/user/ from ::1
[2025-08-12T08:44:20.329Z] GET /api/chapters/ from ::1
[2025-08-12T08:44:50.545Z] GET /api/user/ from ::1
[2025-08-12T08:46:12.185Z] POST /api/login/ from ::1
[2025-08-12T08:46:15.937Z] POST /api/login/ from ::1
[2025-08-12T08:46:20.947Z] POST /api/login/ from ::1
[2025-08-12T08:46:31.859Z] POST /api/login/ from ::1
[2025-08-12T08:46:45.948Z] POST /api/login/ from ::1
[2025-08-12T08:47:35.897Z] POST /api/login/ from ::1
[2025-08-12T08:49:41.806Z] POST /api/login/ from ::1
[2025-08-12T08:49:48.073Z] POST /api/login/ from ::1
[2025-08-12T08:50:00.080Z] POST /api/login/ from ::1
[2025-08-12T08:51:25.491Z] POST /api/login/ from ::1
[2025-08-12T08:52:17.704Z] POST /api/login/ from ::1
[2025-08-12T08:53:53.118Z] POST /api/login/ from ::1
[2025-08-12T08:53:56.299Z] POST /api/login/ from ::1
[2025-08-12T08:54:42.563Z] POST /api/login/ from ::1
[2025-08-12T08:54:59.838Z] POST /api/login/ from ::1
[2025-08-12T08:55:27.743Z] POST /api/login/ from ::1
[2025-08-12T08:55:31.023Z] POST /api/login/ from ::1
[2025-08-12T08:57:19.545Z] POST /api/login/ from ::1
[2025-08-12T08:57:55.979Z] POST /api/login/ from ::1
[2025-08-12T08:58:37.871Z] POST /api/login/ from ::1
[2025-08-12T08:59:53.266Z] POST /api/login/ from ::1
[2025-08-12T08:59:54.899Z] POST /api/login/ from ::1
[2025-08-12T08:59:56.436Z] POST /api/login/ from ::1
[2025-08-12T09:06:09.407Z] POST /api/login/ from ::1
[2025-08-12T09:08:43.296Z] POST /api/login/ from ::1
[2025-08-12T09:08:58.463Z] POST /api/login/ from ::1
[2025-08-12T09:09:08.447Z] GET /api/user/ from ::1
[2025-08-12T09:09:15.981Z] GET /api/chapters/ from ::1
[2025-08-12T11:20:18.497Z] GET /api/user/ from ::1
[2025-08-12T11:20:27.940Z] GET /api/chapters/ from ::1
[2025-08-12T12:41:07.378Z] GET /api/user/ from ::1
[2025-08-12T12:43:30.803Z] GET /api/user/ from ::1
